[2024-03-04 21:31:26]--[src_cgi/login_cgi.c:288]--buf = {
    "pwd": "e10adc3949ba59abbe56e057f20f883e",
    "user": "kevin_666"
}

[2024-03-04 21:31:26]--[src_cgi/login_cgi.c:294]--user = kevin_666, pwd = e10adc3949ba59abbe56e057f20f883e
[2024-03-04 21:31:26]--[src_cgi/login_cgi.c:101]--mysql_user = root, mysql_pwd = 123456, mysql_db = cloud_disk
[2024-03-04 21:31:26]--[src_cgi/login_cgi.c:161]--redis:[ip=127.0.0.1,port=6379]
[2024-03-04 21:31:26]--[src_cgi/login_cgi.c:185]--tmp = kevin_666833945196186
[2024-03-04 21:31:26]--[src_cgi/login_cgi.c:201]--base64 = rp9m4wmNf+QgUzXeZnWFu9S9R020/IQt
[2024-03-04 21:31:26]--[src_cgi/login_cgi.c:303]--token = 5f3bc433bcc0aa24b70bebd51a834cd8
[2024-03-04 21:45:05]--[src_cgi/login_cgi.c:288]--buf = {
    "pwd": "e10adc3949ba59abbe56e057f20f883e",
    "user": "kevin_666"
}

[2024-03-04 21:45:05]--[src_cgi/login_cgi.c:294]--user = kevin_666, pwd = e10adc3949ba59abbe56e057f20f883e
[2024-03-04 21:45:05]--[src_cgi/login_cgi.c:101]--mysql_user = root, mysql_pwd = 123456, mysql_db = cloud_disk
[2024-03-04 21:45:05]--[src_cgi/login_cgi.c:161]--redis:[ip=127.0.0.1,port=6379]
[2024-03-04 21:45:05]--[src_cgi/login_cgi.c:185]--tmp = kevin_666101943240399
[2024-03-04 21:45:05]--[src_cgi/login_cgi.c:201]--base64 = rp9m4wmNf+TQ7W7+HNO0Tk29KKUEKNhD
[2024-03-04 21:45:05]--[src_cgi/login_cgi.c:303]--token = 6883ff95bd9dca9ec2edfd61eba115e8
[2024-03-04 21:54:24]--[src_cgi/login_cgi.c:288]--buf = {
    "pwd": "e10adc3949ba59abbe56e057f20f883e",
    "user": "kevin_666"
}

[2024-03-04 21:54:24]--[src_cgi/login_cgi.c:294]--user = kevin_666, pwd = e10adc3949ba59abbe56e057f20f883e
[2024-03-04 21:54:24]--[src_cgi/login_cgi.c:101]--mysql_user = root, mysql_pwd = 123456, mysql_db = cloud_disk
[2024-03-04 21:54:24]--[src_cgi/login_cgi.c:161]--redis:[ip=127.0.0.1,port=6379]
[2024-03-04 21:54:24]--[src_cgi/login_cgi.c:185]--tmp = kevin_666191896522903
[2024-03-04 21:54:24]--[src_cgi/login_cgi.c:201]--base64 = rp9m4wmNf+SgcuUBNjjCnwbuiqm/a9E/
[2024-03-04 21:54:24]--[src_cgi/login_cgi.c:303]--token = 607ce935dc47b7661c6fde6729caf546
[2024-03-04 21:57:38]--[src_cgi/login_cgi.c:288]--buf = {
    "pwd": "e10adc3949ba59abbe56e057f20f883e",
    "user": "kevin_666"
}

[2024-03-04 21:57:38]--[src_cgi/login_cgi.c:294]--user = kevin_666, pwd = e10adc3949ba59abbe56e057f20f883e
[2024-03-04 21:57:38]--[src_cgi/login_cgi.c:101]--mysql_user = root, mysql_pwd = 123456, mysql_db = cloud_disk
[2024-03-04 21:57:38]--[src_cgi/login_cgi.c:161]--redis:[ip=127.0.0.1,port=6379]
[2024-03-04 21:57:38]--[src_cgi/login_cgi.c:185]--tmp = kevin_66648060346656
[2024-03-04 21:57:38]--[src_cgi/login_cgi.c:201]--base64 = rp9m4wmNf+Ssux8J7IdIZUp0HKxGIU28
[2024-03-04 21:57:38]--[src_cgi/login_cgi.c:303]--token = f7adb48f1f675923dc0eaff7ae0e2e8b
[2024-03-04 21:59:53]--[src_cgi/login_cgi.c:288]--buf = {
    "pwd": "e10adc3949ba59abbe56e057f20f883e",
    "user": "kevin_666"
}

[2024-03-04 21:59:53]--[src_cgi/login_cgi.c:294]--user = kevin_666, pwd = e10adc3949ba59abbe56e057f20f883e
[2024-03-04 21:59:53]--[src_cgi/login_cgi.c:101]--mysql_user = root, mysql_pwd = 123456, mysql_db = cloud_disk
[2024-03-04 21:59:53]--[src_cgi/login_cgi.c:161]--redis:[ip=127.0.0.1,port=6379]
[2024-03-04 21:59:53]--[src_cgi/login_cgi.c:185]--tmp = kevin_66669079813430
[2024-03-04 21:59:53]--[src_cgi/login_cgi.c:201]--base64 = rp9m4wmNf+Q7b3+GmKRXM4/QJePpkLT9
[2024-03-04 21:59:53]--[src_cgi/login_cgi.c:303]--token = 244557a27458abb351326e82f9d7ad40
[2024-03-04 23:49:22]--[src_cgi/login_cgi.c:288]--buf = {
    "pwd": "e10adc3949ba59abbe56e057f20f883e",
    "user": "kevin_666"
}

[2024-03-04 23:49:22]--[src_cgi/login_cgi.c:294]--user = kevin_666, pwd = e10adc3949ba59abbe56e057f20f883e
[2024-03-04 23:49:22]--[src_cgi/login_cgi.c:101]--mysql_user = root, mysql_pwd = 123456, mysql_db = cloud_disk
[2024-03-04 23:49:22]--[src_cgi/login_cgi.c:161]--redis:[ip=127.0.0.1,port=6379]
[2024-03-04 23:49:22]--[src_cgi/login_cgi.c:185]--tmp = kevin_666820737438943
[2024-03-04 23:49:22]--[src_cgi/login_cgi.c:201]--base64 = rp9m4wmNf+TSLt9SoTjrviG8OzeAWmUG
[2024-03-04 23:49:22]--[src_cgi/login_cgi.c:303]--token = 6b43021ef16cfc8ae6aec229f9258779
[2024-03-04 23:51:48]--[src_cgi/login_cgi.c:288]--buf = {
    "pwd": "e10adc3949ba59abbe56e057f20f883e",
    "user": "kevin_666"
}

[2024-03-04 23:51:48]--[src_cgi/login_cgi.c:294]--user = kevin_666, pwd = e10adc3949ba59abbe56e057f20f883e
[2024-03-04 23:51:48]--[src_cgi/login_cgi.c:101]--mysql_user = root, mysql_pwd = 123456, mysql_db = cloud_disk
[2024-03-04 23:51:48]--[src_cgi/login_cgi.c:161]--redis:[ip=127.0.0.1,port=6379]
[2024-03-04 23:51:48]--[src_cgi/login_cgi.c:185]--tmp = kevin_666748964131902
[2024-03-04 23:51:48]--[src_cgi/login_cgi.c:201]--base64 = rp9m4wmNf+S61rCCPhkJ7dhCpKQ2R5sE
[2024-03-04 23:51:48]--[src_cgi/login_cgi.c:303]--token = d436fa2ee26d4efcfce7fac77e704bca
[2024-03-04 23:52:59]--[src_cgi/login_cgi.c:288]--buf = {
    "pwd": "e10adc3949ba59abbe56e057f20f883e",
    "user": "kevin_666"
}

[2024-03-04 23:52:59]--[src_cgi/login_cgi.c:294]--user = kevin_666, pwd = e10adc3949ba59abbe56e057f20f883e
[2024-03-04 23:52:59]--[src_cgi/login_cgi.c:101]--mysql_user = root, mysql_pwd = 123456, mysql_db = cloud_disk
[2024-03-04 23:52:59]--[src_cgi/login_cgi.c:161]--redis:[ip=127.0.0.1,port=6379]
[2024-03-04 23:52:59]--[src_cgi/login_cgi.c:185]--tmp = kevin_666753490747221
[2024-03-04 23:52:59]--[src_cgi/login_cgi.c:201]--base64 = rp9m4wmNf+TlYFkHxrY72DouTH3kHuve
[2024-03-04 23:52:59]--[src_cgi/login_cgi.c:303]--token = bc2e600dcdd3dedb55e2deac68f91d8e
