[2024-03-04 21:17:46]--[src_cgi/myfiles_cgi.c:40]--mysql:[user=root,pwd=123456,database=cloud_disk][2024-03-04 21:31:26]--[src_cgi/myfiles_cgi.c:496]--cmd = count
[2024-03-04 21:31:26]--[src_cgi/myfiles_cgi.c:528]--buf = {
    "token": "5f3bc433bcc0aa24b70bebd51a834cd8",
    "user": "kevin_666"
}

[2024-03-04 21:31:26]--[src_cgi/myfiles_cgi.c:176]--line = 1
[2024-03-04 21:31:26]--[src_cgi/myfiles_cgi.c:496]--cmd = normal
[2024-03-04 21:31:26]--[src_cgi/myfiles_cgi.c:528]--buf = {
    "count": 1,
    "start": 0,
    "token": "5f3bc433bcc0aa24b70bebd51a834cd8",
    "user": "kevin_666"
}

[2024-03-04 21:31:26]--[src_cgi/myfiles_cgi.c:548]--user = kevin_666, token = 5f3bc433bcc0aa24b70bebd51a834cd8, start = 0, count = 1
[2024-03-04 21:31:26]--[src_cgi/myfiles_cgi.c:306]--select user_file_list.*, file_info.url, file_info.size, file_info.type from file_info, user_file_list where user = 'kevin_666' and file_info.md5 = user_file_list.md5 limit 0, 1 在操作
[2024-03-04 21:31:26]--[src_cgi/myfiles_cgi.c:428]--{
	"files":	[{
			"user":	"kevin_666",
			"md5":	"19d532887e3745caf22963a08591e4d3",
			"time":	"2024-02-23 13:54:45",
			"filename":	"u=2124355208,2311217836&fm=253&fmt=auto&app=138&f=JPEG.webp",
			"share_status":	0,
			"pv":	0,
			"url":	"http://192.168.80.130:8080/group1/M00/00/00/wKhQgmXYMyWAfnURAAAOOBXFhLM59.webp",
			"size":	3640,
			"type":	"webp"
		}]
}
[2024-03-04 21:45:05]--[src_cgi/myfiles_cgi.c:496]--cmd = count
[2024-03-04 21:45:05]--[src_cgi/myfiles_cgi.c:528]--buf = {
    "token": "6883ff95bd9dca9ec2edfd61eba115e8",
    "user": "kevin_666"
}

[2024-03-04 21:45:05]--[src_cgi/myfiles_cgi.c:176]--line = 1
[2024-03-04 21:45:05]--[src_cgi/myfiles_cgi.c:496]--cmd = normal
[2024-03-04 21:45:05]--[src_cgi/myfiles_cgi.c:528]--buf = {
    "count": 1,
    "start": 0,
    "token": "6883ff95bd9dca9ec2edfd61eba115e8",
    "user": "kevin_666"
}

[2024-03-04 21:45:05]--[src_cgi/myfiles_cgi.c:548]--user = kevin_666, token = 6883ff95bd9dca9ec2edfd61eba115e8, start = 0, count = 1
[2024-03-04 21:45:05]--[src_cgi/myfiles_cgi.c:306]--select user_file_list.*, file_info.url, file_info.size, file_info.type from file_info, user_file_list where user = 'kevin_666' and file_info.md5 = user_file_list.md5 limit 0, 1 在操作
[2024-03-04 21:45:05]--[src_cgi/myfiles_cgi.c:428]--{
	"files":	[{
			"user":	"kevin_666",
			"md5":	"19d532887e3745caf22963a08591e4d3",
			"time":	"2024-02-23 13:54:45",
			"filename":	"u=2124355208,2311217836&fm=253&fmt=auto&app=138&f=JPEG.webp",
			"share_status":	0,
			"pv":	0,
			"url":	"http://192.168.80.130:8080/group1/M00/00/00/wKhQgmXYMyWAfnURAAAOOBXFhLM59.webp",
			"size":	3640,
			"type":	"webp"
		}]
}
[2024-03-04 21:54:24]--[src_cgi/myfiles_cgi.c:496]--cmd = count
[2024-03-04 21:54:24]--[src_cgi/myfiles_cgi.c:528]--buf = {
    "token": "607ce935dc47b7661c6fde6729caf546",
    "user": "kevin_666"
}

[2024-03-04 21:54:24]--[src_cgi/myfiles_cgi.c:176]--line = 1
[2024-03-04 21:54:24]--[src_cgi/myfiles_cgi.c:496]--cmd = normal
[2024-03-04 21:54:24]--[src_cgi/myfiles_cgi.c:528]--buf = {
    "count": 1,
    "start": 0,
    "token": "607ce935dc47b7661c6fde6729caf546",
    "user": "kevin_666"
}

[2024-03-04 21:54:24]--[src_cgi/myfiles_cgi.c:548]--user = kevin_666, token = 607ce935dc47b7661c6fde6729caf546, start = 0, count = 1
[2024-03-04 21:54:24]--[src_cgi/myfiles_cgi.c:306]--select user_file_list.*, file_info.url, file_info.size, file_info.type from file_info, user_file_list where user = 'kevin_666' and file_info.md5 = user_file_list.md5 limit 0, 1 在操作
[2024-03-04 21:54:24]--[src_cgi/myfiles_cgi.c:428]--{
	"files":	[{
			"user":	"kevin_666",
			"md5":	"19d532887e3745caf22963a08591e4d3",
			"time":	"2024-02-23 13:54:45",
			"filename":	"u=2124355208,2311217836&fm=253&fmt=auto&app=138&f=JPEG.webp",
			"share_status":	0,
			"pv":	0,
			"url":	"http://192.168.80.130:8080/group1/M00/00/00/wKhQgmXYMyWAfnURAAAOOBXFhLM59.webp",
			"size":	3640,
			"type":	"webp"
		}]
}
[2024-03-04 21:57:38]--[src_cgi/myfiles_cgi.c:496]--cmd = count
[2024-03-04 21:57:38]--[src_cgi/myfiles_cgi.c:528]--buf = {
    "token": "f7adb48f1f675923dc0eaff7ae0e2e8b",
    "user": "kevin_666"
}

[2024-03-04 21:57:38]--[src_cgi/myfiles_cgi.c:176]--line = 1
[2024-03-04 21:57:38]--[src_cgi/myfiles_cgi.c:496]--cmd = normal
[2024-03-04 21:57:38]--[src_cgi/myfiles_cgi.c:528]--buf = {
    "count": 1,
    "start": 0,
    "token": "f7adb48f1f675923dc0eaff7ae0e2e8b",
    "user": "kevin_666"
}

[2024-03-04 21:57:38]--[src_cgi/myfiles_cgi.c:548]--user = kevin_666, token = f7adb48f1f675923dc0eaff7ae0e2e8b, start = 0, count = 1
[2024-03-04 21:57:38]--[src_cgi/myfiles_cgi.c:306]--select user_file_list.*, file_info.url, file_info.size, file_info.type from file_info, user_file_list where user = 'kevin_666' and file_info.md5 = user_file_list.md5 limit 0, 1 在操作
[2024-03-04 21:57:38]--[src_cgi/myfiles_cgi.c:428]--{
	"files":	[{
			"user":	"kevin_666",
			"md5":	"19d532887e3745caf22963a08591e4d3",
			"time":	"2024-02-23 13:54:45",
			"filename":	"u=2124355208,2311217836&fm=253&fmt=auto&app=138&f=JPEG.webp",
			"share_status":	0,
			"pv":	0,
			"url":	"http://192.168.80.130:8080/group1/M00/00/00/wKhQgmXYMyWAfnURAAAOOBXFhLM59.webp",
			"size":	3640,
			"type":	"webp"
		}]
}
[2024-03-04 21:59:53]--[src_cgi/myfiles_cgi.c:496]--cmd = count
[2024-03-04 21:59:53]--[src_cgi/myfiles_cgi.c:528]--buf = {
    "token": "244557a27458abb351326e82f9d7ad40",
    "user": "kevin_666"
}

[2024-03-04 21:59:53]--[src_cgi/myfiles_cgi.c:176]--line = 1
[2024-03-04 21:59:53]--[src_cgi/myfiles_cgi.c:496]--cmd = normal
[2024-03-04 21:59:53]--[src_cgi/myfiles_cgi.c:528]--buf = {
    "count": 1,
    "start": 0,
    "token": "244557a27458abb351326e82f9d7ad40",
    "user": "kevin_666"
}

[2024-03-04 21:59:53]--[src_cgi/myfiles_cgi.c:548]--user = kevin_666, token = 244557a27458abb351326e82f9d7ad40, start = 0, count = 1
[2024-03-04 21:59:53]--[src_cgi/myfiles_cgi.c:306]--select user_file_list.*, file_info.url, file_info.size, file_info.type from file_info, user_file_list where user = 'kevin_666' and file_info.md5 = user_file_list.md5 limit 0, 1 在操作
[2024-03-04 21:59:53]--[src_cgi/myfiles_cgi.c:428]--{
	"files":	[{
			"user":	"kevin_666",
			"md5":	"19d532887e3745caf22963a08591e4d3",
			"time":	"2024-02-23 13:54:45",
			"filename":	"u=2124355208,2311217836&fm=253&fmt=auto&app=138&f=JPEG.webp",
			"share_status":	0,
			"pv":	0,
			"url":	"http://192.168.80.130:8080/group1/M00/00/00/wKhQgmXYMyWAfnURAAAOOBXFhLM59.webp",
			"size":	3640,
			"type":	"webp"
		}]
}
[2024-03-04 23:49:22]--[src_cgi/myfiles_cgi.c:496]--cmd = count
[2024-03-04 23:49:22]--[src_cgi/myfiles_cgi.c:528]--buf = {
    "token": "6b43021ef16cfc8ae6aec229f9258779",
    "user": "kevin_666"
}

[2024-03-04 23:49:22]--[src_cgi/myfiles_cgi.c:176]--line = 1
[2024-03-04 23:49:22]--[src_cgi/myfiles_cgi.c:496]--cmd = normal
[2024-03-04 23:49:22]--[src_cgi/myfiles_cgi.c:528]--buf = {
    "count": 1,
    "start": 0,
    "token": "6b43021ef16cfc8ae6aec229f9258779",
    "user": "kevin_666"
}

[2024-03-04 23:49:22]--[src_cgi/myfiles_cgi.c:548]--user = kevin_666, token = 6b43021ef16cfc8ae6aec229f9258779, start = 0, count = 1
[2024-03-04 23:49:22]--[src_cgi/myfiles_cgi.c:306]--select user_file_list.*, file_info.url, file_info.size, file_info.type from file_info, user_file_list where user = 'kevin_666' and file_info.md5 = user_file_list.md5 limit 0, 1 在操作
[2024-03-04 23:49:22]--[src_cgi/myfiles_cgi.c:428]--{
	"files":	[{
			"user":	"kevin_666",
			"md5":	"19d532887e3745caf22963a08591e4d3",
			"time":	"2024-02-23 13:54:45",
			"filename":	"u=2124355208,2311217836&fm=253&fmt=auto&app=138&f=JPEG.webp",
			"share_status":	0,
			"pv":	0,
			"url":	"http://192.168.80.130:8080/group1/M00/00/00/wKhQgmXYMyWAfnURAAAOOBXFhLM59.webp",
			"size":	3640,
			"type":	"webp"
		}]
}
[2024-03-04 23:51:48]--[src_cgi/myfiles_cgi.c:496]--cmd = count
[2024-03-04 23:51:48]--[src_cgi/myfiles_cgi.c:528]--buf = {
    "token": "d436fa2ee26d4efcfce7fac77e704bca",
    "user": "kevin_666"
}

[2024-03-04 23:51:48]--[src_cgi/myfiles_cgi.c:176]--line = 1
[2024-03-04 23:51:48]--[src_cgi/myfiles_cgi.c:496]--cmd = normal
[2024-03-04 23:51:48]--[src_cgi/myfiles_cgi.c:528]--buf = {
    "count": 1,
    "start": 0,
    "token": "d436fa2ee26d4efcfce7fac77e704bca",
    "user": "kevin_666"
}

[2024-03-04 23:51:48]--[src_cgi/myfiles_cgi.c:548]--user = kevin_666, token = d436fa2ee26d4efcfce7fac77e704bca, start = 0, count = 1
[2024-03-04 23:51:48]--[src_cgi/myfiles_cgi.c:306]--select user_file_list.*, file_info.url, file_info.size, file_info.type from file_info, user_file_list where user = 'kevin_666' and file_info.md5 = user_file_list.md5 limit 0, 1 在操作
[2024-03-04 23:51:48]--[src_cgi/myfiles_cgi.c:428]--{
	"files":	[{
			"user":	"kevin_666",
			"md5":	"19d532887e3745caf22963a08591e4d3",
			"time":	"2024-02-23 13:54:45",
			"filename":	"u=2124355208,2311217836&fm=253&fmt=auto&app=138&f=JPEG.webp",
			"share_status":	0,
			"pv":	0,
			"url":	"http://192.168.80.130:8080/group1/M00/00/00/wKhQgmXYMyWAfnURAAAOOBXFhLM59.webp",
			"size":	3640,
			"type":	"webp"
		}]
}
[2024-03-04 23:52:59]--[src_cgi/myfiles_cgi.c:496]--cmd = count
[2024-03-04 23:52:59]--[src_cgi/myfiles_cgi.c:528]--buf = {
    "token": "bc2e600dcdd3dedb55e2deac68f91d8e",
    "user": "kevin_666"
}

[2024-03-04 23:52:59]--[src_cgi/myfiles_cgi.c:176]--line = 1
[2024-03-04 23:52:59]--[src_cgi/myfiles_cgi.c:496]--cmd = normal
[2024-03-04 23:52:59]--[src_cgi/myfiles_cgi.c:528]--buf = {
    "count": 1,
    "start": 0,
    "token": "bc2e600dcdd3dedb55e2deac68f91d8e",
    "user": "kevin_666"
}

[2024-03-04 23:52:59]--[src_cgi/myfiles_cgi.c:548]--user = kevin_666, token = bc2e600dcdd3dedb55e2deac68f91d8e, start = 0, count = 1
[2024-03-04 23:52:59]--[src_cgi/myfiles_cgi.c:306]--select user_file_list.*, file_info.url, file_info.size, file_info.type from file_info, user_file_list where user = 'kevin_666' and file_info.md5 = user_file_list.md5 limit 0, 1 在操作
[2024-03-04 23:52:59]--[src_cgi/myfiles_cgi.c:428]--{
	"files":	[{
			"user":	"kevin_666",
			"md5":	"19d532887e3745caf22963a08591e4d3",
			"time":	"2024-02-23 13:54:45",
			"filename":	"u=2124355208,2311217836&fm=253&fmt=auto&app=138&f=JPEG.webp",
			"share_status":	0,
			"pv":	0,
			"url":	"http://192.168.80.130:8080/group1/M00/00/00/wKhQgmXYMyWAfnURAAAOOBXFhLM59.webp",
			"size":	3640,
			"type":	"webp"
		}]
}
