[2024-02-23 12:42:27]--[src_cgi/login_cgi.c:288]--buf = {
    "pwd": "e10adc3949ba59abbe56e057f20f883e",
    "user": "kevin_666"
}

[2024-02-23 12:42:27]--[src_cgi/login_cgi.c:294]--user = kevin_666, pwd = e10adc3949ba59abbe56e057f20f883e
[2024-02-23 12:42:27]--[src_cgi/login_cgi.c:101]--mysql_user = root, mysql_pwd = 123456, mysql_db = cloud_disk
[2024-02-23 12:42:27]--[src_cgi/login_cgi.c:161]--redis:[ip=127.0.0.1,port=6379]
[2024-02-23 12:42:27]--[src_cgi/login_cgi.c:185]--tmp = kevin_666433529987143
[2024-02-23 12:42:27]--[src_cgi/login_cgi.c:201]--base64 = rp9m4wmNf+RSNS/JcvPDr7nWtXr3SJJS
[2024-02-23 12:42:27]--[src_cgi/login_cgi.c:303]--token = 7a6a675d51172656fd7dcc32c415d235
[2024-02-23 12:45:10]--[src_cgi/login_cgi.c:288]--buf = {
    "pwd": "e10adc3949ba59abbe56e057f20f883e",
    "user": "kevin_666"
}

[2024-02-23 12:45:10]--[src_cgi/login_cgi.c:294]--user = kevin_666, pwd = e10adc3949ba59abbe56e057f20f883e
[2024-02-23 12:45:10]--[src_cgi/login_cgi.c:101]--mysql_user = root, mysql_pwd = 123456, mysql_db = cloud_disk
[2024-02-23 12:45:10]--[src_cgi/login_cgi.c:161]--redis:[ip=127.0.0.1,port=6379]
[2024-02-23 12:45:10]--[src_cgi/login_cgi.c:185]--tmp = kevin_66674056389129
[2024-02-23 12:45:10]--[src_cgi/login_cgi.c:201]--base64 = rp9m4wmNf+TO0bIAflCbRdjvL+9seCAl
[2024-02-23 12:45:10]--[src_cgi/login_cgi.c:303]--token = 12e52f0f73b4655aa649ffd04c36bb09
[2024-02-23 12:59:27]--[src_cgi/login_cgi.c:288]--buf = {
    "pwd": "e10adc3949ba59abbe56e057f20f883e",
    "user": "kevin_666"
}

[2024-02-23 12:59:27]--[src_cgi/login_cgi.c:294]--user = kevin_666, pwd = e10adc3949ba59abbe56e057f20f883e
[2024-02-23 12:59:27]--[src_cgi/login_cgi.c:101]--mysql_user = root, mysql_pwd = 123456, mysql_db = cloud_disk
[2024-02-23 12:59:27]--[src_cgi/login_cgi.c:161]--redis:[ip=127.0.0.1,port=6379]
[2024-02-23 12:59:27]--[src_cgi/login_cgi.c:185]--tmp = kevin_666552188714402
[2024-02-23 12:59:27]--[src_cgi/login_cgi.c:201]--base64 = rp9m4wmNf+Ssj0gQ2Maofc/vlMMspzHv
[2024-02-23 12:59:27]--[src_cgi/login_cgi.c:303]--token = a37793b8841204f9b9beb1ffe1a6929a
[2024-02-23 13:54:18]--[src_cgi/login_cgi.c:288]--buf = {
    "pwd": "e10adc3949ba59abbe56e057f20f883e",
    "user": "kevin_666"
}

[2024-02-23 13:54:18]--[src_cgi/login_cgi.c:294]--user = kevin_666, pwd = e10adc3949ba59abbe56e057f20f883e
[2024-02-23 13:54:18]--[src_cgi/login_cgi.c:101]--mysql_user = root, mysql_pwd = 123456, mysql_db = cloud_disk
[2024-02-23 13:54:18]--[src_cgi/login_cgi.c:161]--redis:[ip=127.0.0.1,port=6379]
[2024-02-23 13:54:18]--[src_cgi/login_cgi.c:185]--tmp = kevin_666261804297507
[2024-02-23 13:54:18]--[src_cgi/login_cgi.c:201]--base64 = rp9m4wmNf+SVhPU0DnTDnNxdR6a6DVyf
[2024-02-23 13:54:18]--[src_cgi/login_cgi.c:303]--token = ccc7492d343a1598bcdccfc87ec343f6
[2024-02-23 14:10:19]--[src_cgi/login_cgi.c:288]--buf = {
    "pwd": "e10adc3949ba59abbe56e057f20f883e",
    "user": "kevin_666"
}

[2024-02-23 14:10:19]--[src_cgi/login_cgi.c:294]--user = kevin_666, pwd = e10adc3949ba59abbe56e057f20f883e
[2024-02-23 14:10:19]--[src_cgi/login_cgi.c:101]--mysql_user = root, mysql_pwd = 123456, mysql_db = cloud_disk
[2024-02-23 14:10:19]--[src_cgi/login_cgi.c:161]--redis:[ip=127.0.0.1,port=6379]
[2024-02-23 14:10:19]--[src_cgi/login_cgi.c:185]--tmp = kevin_666867890793200
[2024-02-23 14:10:19]--[src_cgi/login_cgi.c:201]--base64 = rp9m4wmNf+R7jczuF8A33zwx/LLYbdsc
[2024-02-23 14:10:19]--[src_cgi/login_cgi.c:303]--token = 3405e46520540bc0961d981092cb14c0
[2024-02-23 16:16:33]--[src_cgi/login_cgi.c:288]--buf = {
    "pwd": "e10adc3949ba59abbe56e057f20f883e",
    "user": "kevin_666"
}

[2024-02-23 16:16:33]--[src_cgi/login_cgi.c:294]--user = kevin_666, pwd = e10adc3949ba59abbe56e057f20f883e
[2024-02-23 16:16:33]--[src_cgi/login_cgi.c:101]--mysql_user = root, mysql_pwd = 123456, mysql_db = cloud_disk
[2024-02-23 16:16:33]--[src_cgi/login_cgi.c:161]--redis:[ip=127.0.0.1,port=6379]
[2024-02-23 16:16:33]--[src_cgi/login_cgi.c:185]--tmp = kevin_666481277980687
[2024-02-23 16:16:33]--[src_cgi/login_cgi.c:201]--base64 = rp9m4wmNf+TZGWN8TSHqGQgjwJY0QuOj
[2024-02-23 16:16:33]--[src_cgi/login_cgi.c:303]--token = 9255593243bfb04c5b9ecb852a80d1f1
