[2024-02-23 12:36:47]--[src_cgi/myfiles_cgi.c:40]--mysql:[user=root,pwd=123456,database=cloud_disk][2024-02-23 12:42:27]--[src_cgi/myfiles_cgi.c:496]--cmd = count
[2024-02-23 12:42:27]--[src_cgi/myfiles_cgi.c:528]--buf = {
    "token": "7a6a675d51172656fd7dcc32c415d235",
    "user": "kevin_666"
}

[2024-02-23 12:42:27]--[src_cgi/myfiles_cgi.c:164]--select count from user_file_count where user="kevin_666" 操作失败
[2024-02-23 12:42:27]--[src_cgi/myfiles_cgi.c:176]--line = 0
[2024-02-23 12:45:10]--[src_cgi/myfiles_cgi.c:496]--cmd = count
[2024-02-23 12:45:10]--[src_cgi/myfiles_cgi.c:528]--buf = {
    "token": "12e52f0f73b4655aa649ffd04c36bb09",
    "user": "kevin_666"
}

[2024-02-23 12:45:10]--[src_cgi/myfiles_cgi.c:176]--line = 1
[2024-02-23 12:45:10]--[src_cgi/myfiles_cgi.c:496]--cmd = normal
[2024-02-23 12:45:10]--[src_cgi/myfiles_cgi.c:528]--buf = {
    "count": 1,
    "start": 0,
    "token": "12e52f0f73b4655aa649ffd04c36bb09",
    "user": "kevin_666"
}

[2024-02-23 12:45:10]--[src_cgi/myfiles_cgi.c:548]--user = kevin_666, token = 12e52f0f73b4655aa649ffd04c36bb09, start = 0, count = 1
[2024-02-23 12:45:10]--[src_cgi/myfiles_cgi.c:306]--select user_file_list.*, file_info.url, file_info.size, file_info.type from file_info, user_file_list where user = 'kevin_666' and file_info.md5 = user_file_list.md5 limit 0, 1 在操作
[2024-02-23 12:45:10]--[src_cgi/myfiles_cgi.c:428]--{
	"files":	[{
			"user":	"kevin_666",
			"md5":	"3f8c2477a93fca99987b379ca74d5e26",
			"time":	"2024-02-23 12:43:02",
			"filename":	"u=987351605,130347687&fm=253&fmt=auto&app=120&f=JPEG.webp",
			"share_status":	0,
			"pv":	0,
			"url":	"http://192.168.80.130:8080/group1/M00/00/00/wKhQgmXYIlaAGbtDAAA04AjbOI804.webp",
			"size":	13536,
			"type":	"webp"
		}]
}
[2024-02-23 12:59:27]--[src_cgi/myfiles_cgi.c:496]--cmd = count
[2024-02-23 12:59:27]--[src_cgi/myfiles_cgi.c:528]--buf = {
    "token": "a37793b8841204f9b9beb1ffe1a6929a",
    "user": "kevin_666"
}

[2024-02-23 12:59:27]--[src_cgi/myfiles_cgi.c:176]--line = 1
[2024-02-23 12:59:27]--[src_cgi/myfiles_cgi.c:496]--cmd = normal
[2024-02-23 12:59:27]--[src_cgi/myfiles_cgi.c:528]--buf = {
    "count": 1,
    "start": 0,
    "token": "a37793b8841204f9b9beb1ffe1a6929a",
    "user": "kevin_666"
}

[2024-02-23 12:59:27]--[src_cgi/myfiles_cgi.c:548]--user = kevin_666, token = a37793b8841204f9b9beb1ffe1a6929a, start = 0, count = 1
[2024-02-23 12:59:27]--[src_cgi/myfiles_cgi.c:306]--select user_file_list.*, file_info.url, file_info.size, file_info.type from file_info, user_file_list where user = 'kevin_666' and file_info.md5 = user_file_list.md5 limit 0, 1 在操作
[2024-02-23 12:59:27]--[src_cgi/myfiles_cgi.c:428]--{
	"files":	[{
			"user":	"kevin_666",
			"md5":	"3f8c2477a93fca99987b379ca74d5e26",
			"time":	"2024-02-23 12:43:02",
			"filename":	"u=987351605,130347687&fm=253&fmt=auto&app=120&f=JPEG.webp",
			"share_status":	0,
			"pv":	0,
			"url":	"http://192.168.80.130:8080/group1/M00/00/00/wKhQgmXYIlaAGbtDAAA04AjbOI804.webp",
			"size":	13536,
			"type":	"webp"
		}]
}
[2024-02-23 13:54:18]--[src_cgi/myfiles_cgi.c:496]--cmd = count
[2024-02-23 13:54:18]--[src_cgi/myfiles_cgi.c:528]--buf = {
    "token": "ccc7492d343a1598bcdccfc87ec343f6",
    "user": "kevin_666"
}

[2024-02-23 13:54:18]--[src_cgi/myfiles_cgi.c:176]--line = 1
[2024-02-23 13:54:18]--[src_cgi/myfiles_cgi.c:496]--cmd = normal
[2024-02-23 13:54:18]--[src_cgi/myfiles_cgi.c:528]--buf = {
    "count": 1,
    "start": 0,
    "token": "ccc7492d343a1598bcdccfc87ec343f6",
    "user": "kevin_666"
}

[2024-02-23 13:54:18]--[src_cgi/myfiles_cgi.c:548]--user = kevin_666, token = ccc7492d343a1598bcdccfc87ec343f6, start = 0, count = 1
[2024-02-23 13:54:18]--[src_cgi/myfiles_cgi.c:306]--select user_file_list.*, file_info.url, file_info.size, file_info.type from file_info, user_file_list where user = 'kevin_666' and file_info.md5 = user_file_list.md5 limit 0, 1 在操作
[2024-02-23 13:54:18]--[src_cgi/myfiles_cgi.c:428]--{
	"files":	[{
			"user":	"kevin_666",
			"md5":	"3f8c2477a93fca99987b379ca74d5e26",
			"time":	"2024-02-23 12:43:02",
			"filename":	"u=987351605,130347687&fm=253&fmt=auto&app=120&f=JPEG.webp",
			"share_status":	0,
			"pv":	1,
			"url":	"http://192.168.80.130:8080/group1/M00/00/00/wKhQgmXYIlaAGbtDAAA04AjbOI804.webp",
			"size":	13536,
			"type":	"webp"
		}]
}
[2024-02-23 14:10:19]--[src_cgi/myfiles_cgi.c:496]--cmd = count
[2024-02-23 14:10:19]--[src_cgi/myfiles_cgi.c:528]--buf = {
    "token": "3405e46520540bc0961d981092cb14c0",
    "user": "kevin_666"
}

[2024-02-23 14:10:19]--[src_cgi/myfiles_cgi.c:176]--line = 1
[2024-02-23 14:10:19]--[src_cgi/myfiles_cgi.c:496]--cmd = normal
[2024-02-23 14:10:19]--[src_cgi/myfiles_cgi.c:528]--buf = {
    "count": 1,
    "start": 0,
    "token": "3405e46520540bc0961d981092cb14c0",
    "user": "kevin_666"
}

[2024-02-23 14:10:19]--[src_cgi/myfiles_cgi.c:548]--user = kevin_666, token = 3405e46520540bc0961d981092cb14c0, start = 0, count = 1
[2024-02-23 14:10:19]--[src_cgi/myfiles_cgi.c:306]--select user_file_list.*, file_info.url, file_info.size, file_info.type from file_info, user_file_list where user = 'kevin_666' and file_info.md5 = user_file_list.md5 limit 0, 1 在操作
[2024-02-23 14:10:19]--[src_cgi/myfiles_cgi.c:428]--{
	"files":	[{
			"user":	"kevin_666",
			"md5":	"19d532887e3745caf22963a08591e4d3",
			"time":	"2024-02-23 13:54:45",
			"filename":	"u=2124355208,2311217836&fm=253&fmt=auto&app=138&f=JPEG.webp",
			"share_status":	0,
			"pv":	0,
			"url":	"http://192.168.80.130:8080/group1/M00/00/00/wKhQgmXYMyWAfnURAAAOOBXFhLM59.webp",
			"size":	3640,
			"type":	"webp"
		}]
}
[2024-02-23 16:16:34]--[src_cgi/myfiles_cgi.c:496]--cmd = count
[2024-02-23 16:16:34]--[src_cgi/myfiles_cgi.c:528]--buf = {
    "token": "9255593243bfb04c5b9ecb852a80d1f1",
    "user": "kevin_666"
}

[2024-02-23 16:16:34]--[src_cgi/myfiles_cgi.c:176]--line = 1
[2024-02-23 16:16:34]--[src_cgi/myfiles_cgi.c:496]--cmd = normal
[2024-02-23 16:16:34]--[src_cgi/myfiles_cgi.c:528]--buf = {
    "count": 1,
    "start": 0,
    "token": "9255593243bfb04c5b9ecb852a80d1f1",
    "user": "kevin_666"
}

[2024-02-23 16:16:34]--[src_cgi/myfiles_cgi.c:548]--user = kevin_666, token = 9255593243bfb04c5b9ecb852a80d1f1, start = 0, count = 1
[2024-02-23 16:16:34]--[src_cgi/myfiles_cgi.c:306]--select user_file_list.*, file_info.url, file_info.size, file_info.type from file_info, user_file_list where user = 'kevin_666' and file_info.md5 = user_file_list.md5 limit 0, 1 在操作
[2024-02-23 16:16:34]--[src_cgi/myfiles_cgi.c:428]--{
	"files":	[{
			"user":	"kevin_666",
			"md5":	"19d532887e3745caf22963a08591e4d3",
			"time":	"2024-02-23 13:54:45",
			"filename":	"u=2124355208,2311217836&fm=253&fmt=auto&app=138&f=JPEG.webp",
			"share_status":	0,
			"pv":	0,
			"url":	"http://192.168.80.130:8080/group1/M00/00/00/wKhQgmXYMyWAfnURAAAOOBXFhLM59.webp",
			"size":	3640,
			"type":	"webp"
		}]
}
